Initializing logger
Registering providers
 Registering github.com/cosmos/cosmos-sdk/runtime.ProvideApp (/home/user2/go/pkg/mod/github.com/crypto-org-chain/cosmos-sdk@v0.0.0-20240415105151-0108877a3201/runtime/module.go:85)
  Registering resolver for simple type codec.Codec
  Registering resolver for simple type *codec.LegacyAmino
  Registering resolver for simple type *runtime.AppBuilder
  Registering resolver for simple type *baseapp.MsgServiceRouter
  Registering resolver for one-per-module type appmodule.AppModule
  Found resolver for appmodule.AppModule: *depinject.onePerModuleResolver
  Registering resolver for simple type protodesc.Resolver
  Registering resolver for simple type protoregistry.MessageTypeResolver
 Registering resolver for many-per-container type signing.CustomGetSigner
 Registering github.com/cosmos/cosmos-sdk/runtime.ProvideInterfaceRegistry (/home/user2/go/pkg/mod/github.com/crypto-org-chain/cosmos-sdk@v0.0.0-20240415105151-0108877a3201/runtime/module.go:162)
  Registering resolver for simple type types.InterfaceRegistry
 Registering module-scoped provider: github.com/cosmos/cosmos-sdk/runtime.ProvideKVStoreKey (/home/user2/go/pkg/mod/github.com/crypto-org-chain/cosmos-sdk@v0.0.0-20240415105151-0108877a3201/runtime/module.go:199)
  Registering resolver for module-scoped type *types.KVStoreKey
 Registering module-scoped provider: github.com/cosmos/cosmos-sdk/runtime.ProvideTransientStoreKey (/home/user2/go/pkg/mod/github.com/crypto-org-chain/cosmos-sdk@v0.0.0-20240415105151-0108877a3201/runtime/module.go:214)
  Registering resolver for module-scoped type *types.TransientStoreKey
 Registering module-scoped provider: github.com/cosmos/cosmos-sdk/runtime.ProvideMemoryStoreKey (/home/user2/go/pkg/mod/github.com/crypto-org-chain/cosmos-sdk@v0.0.0-20240415105151-0108877a3201/runtime/module.go:220)
  Registering resolver for module-scoped type *types.MemoryStoreKey
 Registering module-scoped provider: github.com/cosmos/cosmos-sdk/runtime.ProvideObjectStoreKey (/home/user2/go/pkg/mod/github.com/crypto-org-chain/cosmos-sdk@v0.0.0-20240415105151-0108877a3201/runtime/module.go:226)
  Registering resolver for module-scoped type *types.ObjectStoreKey
 Registering github.com/cosmos/cosmos-sdk/runtime.ProvideGenesisTxHandler (/home/user2/go/pkg/mod/github.com/crypto-org-chain/cosmos-sdk@v0.0.0-20240415105151-0108877a3201/runtime/module.go:233)
  Registering resolver for simple type genesis.TxHandler
 Registering module-scoped provider: github.com/cosmos/cosmos-sdk/runtime.ProvideKVStoreService (/home/user2/go/pkg/mod/github.com/crypto-org-chain/cosmos-sdk@v0.0.0-20240415105151-0108877a3201/runtime/module.go:236)
  Registering resolver for module-scoped type store.KVStoreService
 Registering module-scoped provider: github.com/cosmos/cosmos-sdk/runtime.ProvideMemoryStoreService (/home/user2/go/pkg/mod/github.com/crypto-org-chain/cosmos-sdk@v0.0.0-20240415105151-0108877a3201/runtime/module.go:241)
  Registering resolver for module-scoped type store.MemoryStoreService
 Registering module-scoped provider: github.com/cosmos/cosmos-sdk/runtime.ProvideTransientStoreService (/home/user2/go/pkg/mod/github.com/crypto-org-chain/cosmos-sdk@v0.0.0-20240415105151-0108877a3201/runtime/module.go:246)
  Registering resolver for module-scoped type store.TransientStoreService
 Registering github.com/cosmos/cosmos-sdk/runtime.ProvideEventService (/home/user2/go/pkg/mod/github.com/crypto-org-chain/cosmos-sdk@v0.0.0-20240415105151-0108877a3201/runtime/module.go:251)
  Registering resolver for simple type event.Service
 Registering github.com/cosmos/cosmos-sdk/runtime.ProvideHeaderInfoService (/home/user2/go/pkg/mod/github.com/crypto-org-chain/cosmos-sdk@v0.0.0-20240415105151-0108877a3201/runtime/module.go:260)
  Registering resolver for simple type header.Service
 Registering github.com/cosmos/cosmos-sdk/runtime.ProvideCometInfoService (/home/user2/go/pkg/mod/github.com/crypto-org-chain/cosmos-sdk@v0.0.0-20240415105151-0108877a3201/runtime/module.go:256)
  Registering resolver for simple type comet.BlockInfoService
 Registering github.com/cosmos/cosmos-sdk/runtime.ProvideBasicManager (/home/user2/go/pkg/mod/github.com/crypto-org-chain/cosmos-sdk@v0.0.0-20240415105151-0108877a3201/runtime/module.go:264)
  Registering resolver for simple type module.BasicManager
 Registering github.com/cosmos/cosmos-sdk/runtime.ProvideAddressCodec (/home/user2/go/pkg/mod/github.com/crypto-org-chain/cosmos-sdk@v0.0.0-20240415105151-0108877a3201/runtime/module.go:288)
  Registering resolver for simple type address.Codec
  Registering resolver for simple type runtime.ValidatorAddressCodec
  Registering resolver for simple type runtime.ConsensusAddressCodec
 Registering github.com/cosmos/cosmos-sdk/x/auth.ProvideModule (/home/user2/go/pkg/mod/github.com/crypto-org-chain/cosmos-sdk@v0.0.0-20240415105151-0108877a3201/x/auth/module.go:209)
  Registering resolver for simple type keeper.AccountKeeper
  Found resolver for appmodule.AppModule: *depinject.onePerModuleResolver
 Registering github.com/cosmos/cosmos-sdk/x/auth/vesting.ProvideModule (/home/user2/go/pkg/mod/github.com/crypto-org-chain/cosmos-sdk@v0.0.0-20240415105151-0108877a3201/x/auth/vesting/module.go:140)
  Found resolver for appmodule.AppModule: *depinject.onePerModuleResolver
 Implicitly registering resolver keeper.AccountKeeper for interface type types.AccountKeeper
 Registering github.com/cosmos/cosmos-sdk/x/bank.ProvideModule (/home/user2/go/pkg/mod/github.com/crypto-org-chain/cosmos-sdk@v0.0.0-20240415105151-0108877a3201/x/bank/module.go:234)
  Registering resolver for simple type keeper.BaseKeeper
  Found resolver for appmodule.AppModule: *depinject.onePerModuleResolver
 Implicitly registering resolver keeper.AccountKeeper for interface type types.AccountKeeper
 Implicitly registering resolver keeper.BaseKeeper for interface type types.BankKeeper
 Registering github.com/cosmos/cosmos-sdk/x/staking.ProvideModule (/home/user2/go/pkg/mod/github.com/crypto-org-chain/cosmos-sdk@v0.0.0-20240415105151-0108877a3201/x/staking/module.go:221)
  Registering resolver for simple type *keeper.Keeper
  Found resolver for appmodule.AppModule: *depinject.onePerModuleResolver
 Implicitly registering resolver keeper.AccountKeeper for interface type types.AccountKeeper
 Implicitly registering resolver keeper.BaseKeeper for interface type types.BankKeeper
 Implicitly registering resolver *keeper.Keeper for interface type types.StakingKeeper
 Registering github.com/cosmos/cosmos-sdk/x/slashing.ProvideModule (/home/user2/go/pkg/mod/github.com/crypto-org-chain/cosmos-sdk@v0.0.0-20240415105151-0108877a3201/x/slashing/module.go:230)
  Registering resolver for simple type keeper.Keeper
  Found resolver for appmodule.AppModule: *depinject.onePerModuleResolver
  Registering resolver for one-per-module type types.StakingHooksWrapper
  Found resolver for types.StakingHooksWrapper: *depinject.onePerModuleResolver
 Registering github.com/cosmos/cosmos-sdk/x/params.ProvideModule (/home/user2/go/pkg/mod/github.com/crypto-org-chain/cosmos-sdk@v0.0.0-20240415105151-0108877a3201/x/params/module.go:129)
  Registering resolver for simple type keeper.Keeper
  Found resolver for appmodule.AppModule: *depinject.onePerModuleResolver
  Registering resolver for many-per-container type v1beta1.HandlerRoute
  Found resolver for v1beta1.HandlerRoute: *depinject.groupResolver
 Registering resolver for one-per-module type types.KeyTable
 Registering module-scoped provider: github.com/cosmos/cosmos-sdk/x/params.ProvideSubspace (/home/user2/go/pkg/mod/github.com/crypto-org-chain/cosmos-sdk@v0.0.0-20240415105151-0108877a3201/x/params/module.go:146)
  Registering resolver for module-scoped type types.Subspace
 Implicitly registering resolver keeper.BaseKeeper for interface type types.BankKeeper
 Implicitly registering resolver keeper.BaseKeeper for interface type tx.BankKeeper
 Implicitly registering resolver keeper.AccountKeeper for interface type ante.AccountKeeper
 Registering github.com/cosmos/cosmos-sdk/x/auth/tx/config.ProvideModule (/home/user2/go/pkg/mod/github.com/crypto-org-chain/cosmos-sdk@v0.0.0-20240415105151-0108877a3201/x/auth/tx/config/config.go:70)
  Registering resolver for simple type client.TxConfig
  Registering resolver for simple type tx.ConfigOptions
  Registering resolver for many-per-container type runtime.BaseAppOption
  Found resolver for runtime.BaseAppOption: *depinject.groupResolver
 Registering github.com/cosmos/cosmos-sdk/x/auth/tx/config.ProvideProtoRegistry (/home/user2/go/pkg/mod/github.com/crypto-org-chain/cosmos-sdk@v0.0.0-20240415105151-0108877a3201/x/auth/tx/config/config.go:67)
  Registering resolver for simple type signing.ProtoFileResolver
 Implicitly registering resolver keeper.AccountKeeper for interface type types.AccountKeeper
 Implicitly registering resolver *keeper.Keeper for interface type types.StakingKeeper
 Registering github.com/cosmos/cosmos-sdk/x/genutil.ProvideModule (/home/user2/go/pkg/mod/github.com/crypto-org-chain/cosmos-sdk@v0.0.0-20240415105151-0108877a3201/x/genutil/module.go:138)
  Found resolver for appmodule.AppModule: *depinject.onePerModuleResolver
 Implicitly registering resolver keeper.AccountKeeper for interface type authz.AccountKeeper
 Implicitly registering resolver keeper.BaseKeeper for interface type authz.BankKeeper
 Implicitly registering resolver *baseapp.MsgServiceRouter for interface type baseapp.MessageRouter
 Registering github.com/cosmos/cosmos-sdk/x/authz/module.ProvideModule (/home/user2/go/pkg/mod/github.com/crypto-org-chain/cosmos-sdk@v0.0.0-20240415105151-0108877a3201/x/authz/module/module.go:178)
  Registering resolver for simple type keeper.Keeper
  Found resolver for appmodule.AppModule: *depinject.onePerModuleResolver
 Registering cosmossdk.io/x/upgrade.ProvideModule (/home/user2/go/pkg/mod/cosmossdk.io/x/upgrade@v0.1.1/module.go:194)
  Registering resolver for simple type *keeper.Keeper
  Found resolver for appmodule.AppModule: *depinject.onePerModuleResolver
  Found resolver for runtime.BaseAppOption: *depinject.groupResolver
 Implicitly registering resolver keeper.AccountKeeper for interface type types.AccountKeeper
 Implicitly registering resolver keeper.BaseKeeper for interface type types.BankKeeper
 Implicitly registering resolver *keeper.Keeper for interface type types.StakingKeeper
 Implicitly registering resolver types.Subspace for interface type exported.Subspace
 Registering github.com/cosmos/cosmos-sdk/x/distribution.ProvideModule (/home/user2/go/pkg/mod/github.com/crypto-org-chain/cosmos-sdk@v0.0.0-20240415105151-0108877a3201/x/distribution/module.go:232)
  Registering resolver for simple type keeper.Keeper
  Found resolver for appmodule.AppModule: *depinject.onePerModuleResolver
  Found resolver for types.StakingHooksWrapper: *depinject.onePerModuleResolver
 Implicitly registering resolver *keeper.Keeper for interface type types.StakingKeeper
 Implicitly registering resolver keeper.Keeper for interface type types.SlashingKeeper
 Registering cosmossdk.io/x/evidence.ProvideModule (/home/user2/go/pkg/mod/cosmossdk.io/x/evidence@v0.1.0/module.go:210)
  Registering resolver for simple type keeper.Keeper
  Found resolver for appmodule.AppModule: *depinject.onePerModuleResolver
 Implicitly registering resolver types.Subspace for interface type exported.Subspace
 Implicitly registering resolver keeper.AccountKeeper for interface type types.AccountKeeper
 Implicitly registering resolver keeper.BaseKeeper for interface type types.BankKeeper
 Implicitly registering resolver *keeper.Keeper for interface type types.StakingKeeper
 Registering github.com/cosmos/cosmos-sdk/x/mint.ProvideModule (/home/user2/go/pkg/mod/github.com/crypto-org-chain/cosmos-sdk@v0.0.0-20240415105151-0108877a3201/x/mint/module.go:221)
  Registering resolver for simple type keeper.Keeper
  Found resolver for appmodule.AppModule: *depinject.onePerModuleResolver
 Implicitly registering resolver keeper.AccountKeeper for interface type group.AccountKeeper
 Implicitly registering resolver keeper.BaseKeeper for interface type group.BankKeeper
 Registering github.com/cosmos/cosmos-sdk/x/group/module.ProvideModule (/home/user2/go/pkg/mod/github.com/crypto-org-chain/cosmos-sdk@v0.0.0-20240415105151-0108877a3201/x/group/module/module.go:208)
  Registering resolver for simple type keeper.Keeper
  Found resolver for appmodule.AppModule: *depinject.onePerModuleResolver
 Implicitly registering resolver keeper.AccountKeeper for interface type feegrant.AccountKeeper
 Implicitly registering resolver keeper.BaseKeeper for interface type feegrant.BankKeeper
 Registering cosmossdk.io/x/feegrant/module.ProvideModule (/home/user2/go/pkg/mod/cosmossdk.io/x/feegrant@v0.1.0/module/module.go:184)
  Registering resolver for simple type keeper.Keeper
  Found resolver for appmodule.AppModule: *depinject.onePerModuleResolver
 Implicitly registering resolver keeper.AccountKeeper for interface type types.AccountKeeper
 Implicitly registering resolver keeper.BaseKeeper for interface type types.BankKeeper
 Implicitly registering resolver *keeper.Keeper for interface type types.StakingKeeper
 Implicitly registering resolver keeper.Keeper for interface type types.DistributionKeeper
 Implicitly registering resolver types.Subspace for interface type types.ParamSubspace
 Registering github.com/cosmos/cosmos-sdk/x/gov.ProvideModule (/home/user2/go/pkg/mod/github.com/crypto-org-chain/cosmos-sdk@v0.0.0-20240415105151-0108877a3201/x/gov/module.go:189)
  Found resolver for appmodule.AppModule: *depinject.onePerModuleResolver
  Registering resolver for simple type *keeper.Keeper
  Found resolver for v1beta1.HandlerRoute: *depinject.groupResolver
 Registering github.com/cosmos/cosmos-sdk/x/gov.ProvideKeyTable (/home/user2/go/pkg/mod/github.com/crypto-org-chain/cosmos-sdk@v0.0.0-20240415105151-0108877a3201/x/gov/module.go:218)
  Found resolver for types.KeyTable: *depinject.onePerModuleResolver
 Implicitly registering resolver keeper.BaseKeeper for interface type types.SupplyKeeper
 Implicitly registering resolver types.Subspace for interface type exported.Subspace
 Registering github.com/cosmos/cosmos-sdk/x/crisis.ProvideModule (/home/user2/go/pkg/mod/github.com/crypto-org-chain/cosmos-sdk@v0.0.0-20240415105151-0108877a3201/x/crisis/module.go:201)
  Found resolver for appmodule.AppModule: *depinject.onePerModuleResolver
  Registering resolver for simple type *keeper.Keeper
 Registering github.com/cosmos/cosmos-sdk/x/consensus.ProvideModule (/home/user2/go/pkg/mod/github.com/crypto-org-chain/cosmos-sdk@v0.0.0-20240415105151-0108877a3201/x/consensus/module.go:117)
  Registering resolver for simple type keeper.Keeper
  Found resolver for appmodule.AppModule: *depinject.onePerModuleResolver
  Found resolver for runtime.BaseAppOption: *depinject.groupResolver
 Registering github.com/Galactica-corp/galactica/x/reputation.ProvideModule (/home/user2/go/src/galactica/x/reputation/module.go:216)
  Registering resolver for simple type keeper.Keeper
  Found resolver for appmodule.AppModule: *depinject.onePerModuleResolver
 Registering github.com/Galactica-corp/galactica/x/inflation.ProvideModule (/home/user2/go/src/galactica/x/inflation/module.go:219)
  Registering resolver for simple type keeper.Keeper
  Found resolver for appmodule.AppModule: *depinject.onePerModuleResolver
 Registering github.com/Galactica-corp/galactica/x/epochs.ProvideModule (/home/user2/go/src/galactica/x/epochs/module.go:221)
  Registering resolver for simple type *keeper.Keeper
  Found resolver for appmodule.AppModule: *depinject.onePerModuleResolver
Registering outputs
 Implicitly registering resolver keeper.BaseKeeper for interface type keeper.Keeper
 Registering github.com/Galactica-corp/galactica/app.New (/home/user2/go/src/galactica/app/app.go:319)
Building container
Resolving dependencies for github.com/Galactica-corp/galactica/app.New (/home/user2/go/src/galactica/app/app.go:319)
 Providing *runtime.AppBuilder from github.com/cosmos/cosmos-sdk/runtime.ProvideApp (/home/user2/go/pkg/mod/github.com/crypto-org-chain/cosmos-sdk@v0.0.0-20240415105151-0108877a3201/runtime/module.go:85) to github.com/Galactica-corp/galactica/app.New
 Resolving dependencies for github.com/cosmos/cosmos-sdk/runtime.ProvideApp (/home/user2/go/pkg/mod/github.com/crypto-org-chain/cosmos-sdk@v0.0.0-20240415105151-0108877a3201/runtime/module.go:85)
  Providing types.InterfaceRegistry from github.com/cosmos/cosmos-sdk/runtime.ProvideInterfaceRegistry (/home/user2/go/pkg/mod/github.com/crypto-org-chain/cosmos-sdk@v0.0.0-20240415105151-0108877a3201/runtime/module.go:162) to github.com/cosmos/cosmos-sdk/runtime.ProvideApp
  Resolving dependencies for github.com/cosmos/cosmos-sdk/runtime.ProvideInterfaceRegistry (/home/user2/go/pkg/mod/github.com/crypto-org-chain/cosmos-sdk@v0.0.0-20240415105151-0108877a3201/runtime/module.go:162)
   Providing address.Codec from github.com/cosmos/cosmos-sdk/runtime.ProvideAddressCodec (/home/user2/go/pkg/mod/github.com/crypto-org-chain/cosmos-sdk@v0.0.0-20240415105151-0108877a3201/runtime/module.go:288) to github.com/cosmos/cosmos-sdk/runtime.ProvideInterfaceRegistry
   Resolving dependencies for github.com/cosmos/cosmos-sdk/runtime.ProvideAddressCodec (/home/user2/go/pkg/mod/github.com/crypto-org-chain/cosmos-sdk@v0.0.0-20240415105151-0108877a3201/runtime/module.go:288)
    Supplying *modulev1.Module from cosmossdk.io/core/appconfig.Compose (/home/user2/go/pkg/mod/cosmossdk.io/core@v0.11.0/appconfig/config.go:95) to github.com/cosmos/cosmos-sdk/runtime.ProvideAddressCodec
    Supplying *modulev1.Module from cosmossdk.io/core/appconfig.Compose (/home/user2/go/pkg/mod/cosmossdk.io/core@v0.11.0/appconfig/config.go:95) to github.com/cosmos/cosmos-sdk/runtime.ProvideAddressCodec
    Providing zero value for optional dependency func() address.Codec
    Providing zero value for optional dependency func() runtime.ValidatorAddressCodec
    Providing zero value for optional dependency func() runtime.ConsensusAddressCodec
   Calling github.com/cosmos/cosmos-sdk/runtime.ProvideAddressCodec (/home/user2/go/pkg/mod/github.com/crypto-org-chain/cosmos-sdk@v0.0.0-20240415105151-0108877a3201/runtime/module.go:288)
   Providing runtime.ValidatorAddressCodec from github.com/cosmos/cosmos-sdk/runtime.ProvideAddressCodec (/home/user2/go/pkg/mod/github.com/crypto-org-chain/cosmos-sdk@v0.0.0-20240415105151-0108877a3201/runtime/module.go:288) to github.com/cosmos/cosmos-sdk/runtime.ProvideInterfaceRegistry
   Providing many-per-container type slice []signing.CustomGetSigner to github.com/cosmos/cosmos-sdk/runtime.ProvideInterfaceRegistry from:
  Calling github.com/cosmos/cosmos-sdk/runtime.ProvideInterfaceRegistry (/home/user2/go/pkg/mod/github.com/crypto-org-chain/cosmos-sdk@v0.0.0-20240415105151-0108877a3201/runtime/module.go:162)
  Error: error calling provider github.com/cosmos/cosmos-sdk/runtime.ProvideInterfaceRegistry (/home/user2/go/pkg/mod/github.com/crypto-org-chain/cosmos-sdk@v0.0.0-20240415105151-0108877a3201/runtime/module.go:162): unexpected field type bytes for field from in message ethermint.evm.v1.MsgEthereumTx
  Saved graph of container to /home/user2/go/src/galactica/debug_container.dot
